[DEBUG] Debug session started

[DEBUG] Debug session started

[DEBUG] Debug session started

[DEBUG] Debug session started

[DEBUG] Debug session started

[DEBUG] Debug session started

[DEBUG] Debug session started

[DEBUG] Debug session started

[DEBUG] Debug session started

[DEBUG] Debug initialization state
[SOURCE] sh-debug.js:0
{
    "documentReadyState": "loading",
    "jQueryLoaded": true,
    "shortcutsHubDataExists": true,
    "shortcutsHubSecurityExists": true,
    "callingScript": "https:\/\/debotchery.ai\/wp-content\/plugins\/shortcuts-hub\/assets\/js\/sh-debug.js?ver=1.0.0.1737334793",
    "stackTrace": "initDebug@https:\/\/debotchery.ai\/wp-content\/plugins\/shortcuts-hub\/assets\/js\/sh-debug.js:245:36\ntryInit@https:\/\/debotchery.ai\/wp-content\/plugins\/shortcuts-hub\/assets\/js\/sh-debug.js:289:18\nglobal code@https:\/\/debotchery.ai\/wp-content\/plugins\/shortcuts-hub\/assets\/js\/sh-debug.js:295:8"
}

[DEBUG] Debug session started

[DEBUG] Debug session started

[DEBUG] Debug session started

[DEBUG] Debug session started

[DEBUG] Debug session started

[DEBUG] Debug session started

[DEBUG] Debug session started

[DEBUG] Debug session started

[DEBUG] Debug session started

[DEBUG] Debug session started

[DEBUG] Debug session started

[DEBUG] Debug session started

[DEBUG] Debug session started

[DEBUG] Debug session started

[DEBUG] Debug session started

[DEBUG] Debug session started

[DEBUG] Debug initialization state
[SOURCE] sh-debug.js:0
{
    "documentReadyState": "loading",
    "jQueryLoaded": true,
    "shortcutsHubDataExists": true,
    "shortcutsHubSecurityExists": true,
    "callingScript": "https:\/\/debotchery.ai\/wp-content\/plugins\/shortcuts-hub\/assets\/js\/sh-debug.js?ver=1.0.0.1737338654",
    "stackTrace": "initDebug@https:\/\/debotchery.ai\/wp-content\/plugins\/shortcuts-hub\/assets\/js\/sh-debug.js:259:36\ntryInit@https:\/\/debotchery.ai\/wp-content\/plugins\/shortcuts-hub\/assets\/js\/sh-debug.js:302:18\nglobal code@https:\/\/debotchery.ai\/wp-content\/plugins\/shortcuts-hub\/assets\/js\/sh-debug.js:309:8"
}

[DEBUG] Debug session started

[DEBUG] Debug session started

[DEBUG] Debug initialization state
[SOURCE] sh-debug.js:0
{
    "documentReadyState": "loading",
    "jQueryLoaded": true,
    "shortcutsHubDataExists": true,
    "shortcutsHubSecurityExists": true,
    "callingScript": "https:\/\/debotchery.ai\/wp-content\/plugins\/shortcuts-hub\/assets\/js\/sh-debug.js?ver=1.0.0.1737338760",
    "stackTrace": "initDebug@https:\/\/debotchery.ai\/wp-content\/plugins\/shortcuts-hub\/assets\/js\/sh-debug.js:273:36\ntryInit@https:\/\/debotchery.ai\/wp-content\/plugins\/shortcuts-hub\/assets\/js\/sh-debug.js:316:18\nglobal code@https:\/\/debotchery.ai\/wp-content\/plugins\/shortcuts-hub\/assets\/js\/sh-debug.js:323:8"
}

[DEBUG] Debug session started

[DEBUG] Debug session started

[DEBUG] Debug session started

[DEBUG] Debug initialization state
[SOURCE] sh-debug.js:0
{
    "documentReadyState": "loading",
    "jQueryLoaded": true,
    "shortcutsHubDataExists": true,
    "shortcutsHubSecurityExists": true,
    "callingScript": "https:\/\/debotchery.ai\/wp-content\/plugins\/shortcuts-hub\/assets\/js\/sh-debug.js?ver=1.0.0.1737338854",
    "stackTrace": "initDebug@https:\/\/debotchery.ai\/wp-content\/plugins\/shortcuts-hub\/assets\/js\/sh-debug.js:285:36\ntryInit@https:\/\/debotchery.ai\/wp-content\/plugins\/shortcuts-hub\/assets\/js\/sh-debug.js:328:18\nglobal code@https:\/\/debotchery.ai\/wp-content\/plugins\/shortcuts-hub\/assets\/js\/sh-debug.js:335:8"
}

[DEBUG] Debug initialization state
[SOURCE] sh-debug.js:0
{
    "documentReadyState": "loading",
    "jQueryLoaded": true,
    "shortcutsHubDataExists": true,
    "shortcutsHubSecurityExists": true,
    "callingScript": "https:\/\/debotchery.ai\/wp-content\/plugins\/shortcuts-hub\/assets\/js\/sh-debug.js?ver=1.0.0.1737339017",
    "stackTrace": "initDebug@https:\/\/debotchery.ai\/wp-content\/plugins\/shortcuts-hub\/assets\/js\/sh-debug.js:295:36\ntryInit@https:\/\/debotchery.ai\/wp-content\/plugins\/shortcuts-hub\/assets\/js\/sh-debug.js:338:18\nglobal code@https:\/\/debotchery.ai\/wp-content\/plugins\/shortcuts-hub\/assets\/js\/sh-debug.js:345:8"
}

[DEBUG] Debug session started

[DEBUG] Debug initialization state
[SOURCE] sh-debug.js:unknown
{
    "documentReadyState": "loading",
    "jQueryLoaded": true,
    "shortcutsHubDataExists": true,
    "shortcutsHubSecurityExists": true,
    "callingScript": "https:\/\/debotchery.ai\/wp-content\/plugins\/shortcuts-hub\/assets\/js\/sh-debug.js?ver=1.0.0.1737339098",
    "stackTrace": "initDebug@https:\/\/debotchery.ai\/wp-content\/plugins\/shortcuts-hub\/assets\/js\/sh-debug.js:295:36\ntryInit@https:\/\/debotchery.ai\/wp-content\/plugins\/shortcuts-hub\/assets\/js\/sh-debug.js:338:18\nglobal code@https:\/\/debotchery.ai\/wp-content\/plugins\/shortcuts-hub\/assets\/js\/sh-debug.js:345:8"
}

[DEBUG] Debug session started

[DEBUG] Debug initialization state
[SOURCE] sh-debug.js:unknown
{
    "message": "Initializing debug system",
    "data": {
        "documentReadyState": "loading",
        "jQueryLoaded": true,
        "shortcutsHubDataExists": true,
        "shortcutsHubSecurityExists": true,
        "callingScript": "https:\/\/debotchery.ai\/wp-content\/plugins\/shortcuts-hub\/assets\/js\/sh-debug.js?ver=1.0.0.1737339192",
        "stackTrace": "initDebug@https:\/\/debotchery.ai\/wp-content\/plugins\/shortcuts-hub\/assets\/js\/sh-debug.js:295:36\ntryInit@https:\/\/debotchery.ai\/wp-content\/plugins\/shortcuts-hub\/assets\/js\/sh-debug.js:338:18\nglobal code@https:\/\/debotchery.ai\/wp-content\/plugins\/shortcuts-hub\/assets\/js\/sh-debug.js:345:8"
    }
}

[DEBUG] Debug session started

[DEBUG] Debug initialization state
[SOURCE] sh-debug.js:unknown
{
    "message": "Initializing debug system",
    "data": {
        "documentReadyState": "loading",
        "jQueryLoaded": true,
        "shortcutsHubDataExists": true,
        "shortcutsHubSecurityExists": true,
        "callingScript": "https:\/\/debotchery.ai\/wp-content\/plugins\/shortcuts-hub\/assets\/js\/sh-debug.js?ver=1.0.0.1737339202",
        "stackTrace": "initDebug@https:\/\/debotchery.ai\/wp-content\/plugins\/shortcuts-hub\/assets\/js\/sh-debug.js:295:36\ntryInit@https:\/\/debotchery.ai\/wp-content\/plugins\/shortcuts-hub\/assets\/js\/sh-debug.js:338:18\nglobal code@https:\/\/debotchery.ai\/wp-content\/plugins\/shortcuts-hub\/assets\/js\/sh-debug.js:345:8"
    }
}

[DEBUG] Debug session started

[DEBUG] Debug session started

[DEBUG] Debug initialization state
[SOURCE] sh-debug.js:unknown
{
    "message": "Initializing debug system",
    "data": {
        "documentReadyState": "loading",
        "jQueryLoaded": true,
        "shortcutsHubDataExists": true,
        "shortcutsHubSecurityExists": true,
        "callingScript": "https:\/\/debotchery.ai\/wp-content\/plugins\/shortcuts-hub\/assets\/js\/sh-debug.js?ver=1.0.0.1737339222",
        "stackTrace": "initDebug@https:\/\/debotchery.ai\/wp-content\/plugins\/shortcuts-hub\/assets\/js\/sh-debug.js:295:36\ntryInit@https:\/\/debotchery.ai\/wp-content\/plugins\/shortcuts-hub\/assets\/js\/sh-debug.js:338:18\nglobal code@https:\/\/debotchery.ai\/wp-content\/plugins\/shortcuts-hub\/assets\/js\/sh-debug.js:345:8"
    }
}

[DEBUG] Debug initialization state
[SOURCE] sh-debug.js:unknown
{
    "message": "Initializing debug system",
    "data": {
        "documentReadyState": "loading",
        "jQueryLoaded": true,
        "shortcutsHubDataExists": true,
        "shortcutsHubSecurityExists": true,
        "callingScript": "https:\/\/debotchery.ai\/wp-content\/plugins\/shortcuts-hub\/assets\/js\/sh-debug.js?ver=1.0.0.1737339202",
        "stackTrace": "initDebug@https:\/\/debotchery.ai\/wp-content\/plugins\/shortcuts-hub\/assets\/js\/sh-debug.js:295:36\ntryInit@https:\/\/debotchery.ai\/wp-content\/plugins\/shortcuts-hub\/assets\/js\/sh-debug.js:338:18\nglobal code@https:\/\/debotchery.ai\/wp-content\/plugins\/shortcuts-hub\/assets\/js\/sh-debug.js:345:8"
    }
}

[DEBUG] Debug session started

[DEBUG] Debug initialization state
[SOURCE] sh-debug.js:unknown
{
    "message": "Initializing debug system",
    "data": {
        "documentReadyState": "loading",
        "jQueryLoaded": true,
        "shortcutsHubDataExists": true,
        "shortcutsHubSecurityExists": true,
        "callingScript": "https:\/\/debotchery.ai\/wp-content\/plugins\/shortcuts-hub\/assets\/js\/sh-debug.js?ver=1.0.0.1737339357",
        "stackTrace": "initDebug@https:\/\/debotchery.ai\/wp-content\/plugins\/shortcuts-hub\/assets\/js\/sh-debug.js:295:36\ntryInit@https:\/\/debotchery.ai\/wp-content\/plugins\/shortcuts-hub\/assets\/js\/sh-debug.js:338:18\nglobal code@https:\/\/debotchery.ai\/wp-content\/plugins\/shortcuts-hub\/assets\/js\/sh-debug.js:345:8"
    }
}

[DEBUG] Debug session started
[]

[DEBUG] Debug session started

